{"C:\\Users\\bourgneufg\\Desktop\\collapsible\\src\\js\\defaultOptions.js": {"path":"C:\\Users\\bourgneufg\\Desktop\\collapsible\\src\\js\\defaultOptions.js","statementMap":{"0":{"start":{"line":1,"column":23},"end":{"line":3,"column":1}}},"fnMap":{},"branchMap":{},"s":{"0":1},"f":{},"b":{},"_coverageSchema":"43e27e138ebf9cfc5966b082cf9a028302ed4184","hash":"c1938a54c4244b09cd9b1f3c3c0cb57e906291b4"}
,"C:\\Users\\bourgneufg\\Desktop\\collapsible\\src\\js\\index.js": {"path":"C:\\Users\\bourgneufg\\Desktop\\collapsible\\src\\js\\index.js","statementMap":{"0":{"start":{"line":8,"column":2},"end":{"line":8,"column":42}},"1":{"start":{"line":11,"column":2},"end":{"line":11,"column":55}},"2":{"start":{"line":14,"column":2},"end":{"line":14,"column":15}},"3":{"start":{"line":23,"column":2},"end":{"line":23,"column":41}},"4":{"start":{"line":32,"column":2},"end":{"line":32,"column":45}},"5":{"start":{"line":33,"column":2},"end":{"line":36,"column":3}},"6":{"start":{"line":34,"column":18},"end":{"line":34,"column":55}},"7":{"start":{"line":35,"column":3},"end":{"line":35,"column":73}},"8":{"start":{"line":38,"column":2},"end":{"line":38,"column":169}},"9":{"start":{"line":39,"column":2},"end":{"line":41,"column":3}},"10":{"start":{"line":40,"column":3},"end":{"line":40,"column":57}},"11":{"start":{"line":44,"column":2},"end":{"line":48,"column":3}},"12":{"start":{"line":45,"column":3},"end":{"line":45,"column":17}},"13":{"start":{"line":47,"column":3},"end":{"line":47,"column":19}},"14":{"start":{"line":53,"column":2},"end":{"line":55,"column":3}},"15":{"start":{"line":54,"column":3},"end":{"line":54,"column":65}},"16":{"start":{"line":64,"column":2},"end":{"line":64,"column":25}},"17":{"start":{"line":73,"column":2},"end":{"line":75,"column":3}},"18":{"start":{"line":74,"column":3},"end":{"line":74,"column":10}},"19":{"start":{"line":77,"column":2},"end":{"line":77,"column":35}},"20":{"start":{"line":80,"column":2},"end":{"line":88,"column":3}},"21":{"start":{"line":81,"column":3},"end":{"line":87,"column":6}},"22":{"start":{"line":82,"column":4},"end":{"line":86,"column":5}},"23":{"start":{"line":83,"column":5},"end":{"line":85,"column":6}},"24":{"start":{"line":84,"column":6},"end":{"line":84,"column":40}},"25":{"start":{"line":91,"column":2},"end":{"line":91,"column":63}},"26":{"start":{"line":92,"column":2},"end":{"line":92,"column":42}},"27":{"start":{"line":93,"column":2},"end":{"line":93,"column":51}},"28":{"start":{"line":96,"column":2},"end":{"line":100,"column":3}},"29":{"start":{"line":97,"column":3},"end":{"line":99,"column":6}},"30":{"start":{"line":98,"column":4},"end":{"line":98,"column":39}},"31":{"start":{"line":102,"column":2},"end":{"line":102,"column":26}},"32":{"start":{"line":104,"column":2},"end":{"line":104,"column":34}},"33":{"start":{"line":112,"column":2},"end":{"line":112,"column":16}},"34":{"start":{"line":121,"column":2},"end":{"line":123,"column":3}},"35":{"start":{"line":122,"column":3},"end":{"line":122,"column":10}},"36":{"start":{"line":125,"column":2},"end":{"line":125,"column":37}},"37":{"start":{"line":128,"column":2},"end":{"line":128,"column":32}},"38":{"start":{"line":129,"column":2},"end":{"line":129,"column":45}},"39":{"start":{"line":130,"column":2},"end":{"line":130,"column":52}},"40":{"start":{"line":133,"column":2},"end":{"line":137,"column":3}},"41":{"start":{"line":134,"column":3},"end":{"line":136,"column":6}},"42":{"start":{"line":135,"column":4},"end":{"line":135,"column":42}},"43":{"start":{"line":139,"column":2},"end":{"line":139,"column":25}},"44":{"start":{"line":141,"column":2},"end":{"line":141,"column":36}},"45":{"start":{"line":149,"column":2},"end":{"line":149,"column":18}},"46":{"start":{"line":158,"column":2},"end":{"line":158,"column":25}},"47":{"start":{"line":160,"column":2},"end":{"line":166,"column":3}},"48":{"start":{"line":161,"column":3},"end":{"line":161,"column":50}},"49":{"start":{"line":162,"column":3},"end":{"line":162,"column":17}},"50":{"start":{"line":164,"column":3},"end":{"line":164,"column":53}},"51":{"start":{"line":165,"column":3},"end":{"line":165,"column":19}}},"fnMap":{"0":{"name":"(anonymous_0)","decl":{"start":{"line":7,"column":1},"end":{"line":7,"column":2}},"loc":{"start":{"line":7,"column":36},"end":{"line":15,"column":2}},"line":7},"1":{"name":"(anonymous_1)","decl":{"start":{"line":22,"column":1},"end":{"line":22,"column":2}},"loc":{"start":{"line":22,"column":59},"end":{"line":24,"column":2}},"line":22},"2":{"name":"(anonymous_2)","decl":{"start":{"line":31,"column":1},"end":{"line":31,"column":2}},"loc":{"start":{"line":31,"column":9},"end":{"line":49,"column":2}},"line":31},"3":{"name":"(anonymous_3)","decl":{"start":{"line":51,"column":1},"end":{"line":51,"column":2}},"loc":{"start":{"line":51,"column":11},"end":{"line":56,"column":2}},"line":51},"4":{"name":"(anonymous_4)","decl":{"start":{"line":63,"column":1},"end":{"line":63,"column":2}},"loc":{"start":{"line":63,"column":13},"end":{"line":65,"column":2}},"line":63},"5":{"name":"(anonymous_5)","decl":{"start":{"line":72,"column":1},"end":{"line":72,"column":2}},"loc":{"start":{"line":72,"column":10},"end":{"line":105,"column":2}},"line":72},"6":{"name":"(anonymous_6)","decl":{"start":{"line":81,"column":26},"end":{"line":81,"column":27}},"loc":{"start":{"line":81,"column":37},"end":{"line":87,"column":4}},"line":81},"7":{"name":"(anonymous_7)","decl":{"start":{"line":97,"column":26},"end":{"line":97,"column":27}},"loc":{"start":{"line":97,"column":37},"end":{"line":99,"column":4}},"line":97},"8":{"name":"(anonymous_8)","decl":{"start":{"line":110,"column":1},"end":{"line":110,"column":2}},"loc":{"start":{"line":111,"column":1},"end":{"line":113,"column":2}},"line":111},"9":{"name":"(anonymous_9)","decl":{"start":{"line":120,"column":1},"end":{"line":120,"column":2}},"loc":{"start":{"line":120,"column":12},"end":{"line":142,"column":2}},"line":120},"10":{"name":"(anonymous_10)","decl":{"start":{"line":134,"column":26},"end":{"line":134,"column":27}},"loc":{"start":{"line":134,"column":37},"end":{"line":136,"column":4}},"line":134},"11":{"name":"(anonymous_11)","decl":{"start":{"line":147,"column":1},"end":{"line":147,"column":2}},"loc":{"start":{"line":148,"column":1},"end":{"line":150,"column":2}},"line":148},"12":{"name":"(anonymous_12)","decl":{"start":{"line":157,"column":1},"end":{"line":157,"column":2}},"loc":{"start":{"line":157,"column":23},"end":{"line":167,"column":2}},"line":157}},"branchMap":{"0":{"loc":{"start":{"line":7,"column":22},"end":{"line":7,"column":34}},"type":"default-arg","locations":[{"start":{"line":7,"column":32},"end":{"line":7,"column":34}}],"line":7},"1":{"loc":{"start":{"line":22,"column":15},"end":{"line":22,"column":43}},"type":"default-arg","locations":[{"start":{"line":22,"column":26},"end":{"line":22,"column":43}}],"line":22},"2":{"loc":{"start":{"line":22,"column":45},"end":{"line":22,"column":57}},"type":"default-arg","locations":[{"start":{"line":22,"column":55},"end":{"line":22,"column":57}}],"line":22},"3":{"loc":{"start":{"line":33,"column":2},"end":{"line":36,"column":3}},"type":"if","locations":[{"start":{"line":33,"column":2},"end":{"line":36,"column":3}},{"start":{"line":33,"column":2},"end":{"line":36,"column":3}}],"line":33},"4":{"loc":{"start":{"line":35,"column":20},"end":{"line":35,"column":72}},"type":"binary-expr","locations":[{"start":{"line":35,"column":20},"end":{"line":35,"column":66}},{"start":{"line":35,"column":70},"end":{"line":35,"column":72}}],"line":35},"5":{"loc":{"start":{"line":38,"column":19},"end":{"line":38,"column":168}},"type":"binary-expr","locations":[{"start":{"line":38,"column":19},"end":{"line":38,"column":160}},{"start":{"line":38,"column":164},"end":{"line":38,"column":168}}],"line":38},"6":{"loc":{"start":{"line":39,"column":2},"end":{"line":41,"column":3}},"type":"if","locations":[{"start":{"line":39,"column":2},"end":{"line":41,"column":3}},{"start":{"line":39,"column":2},"end":{"line":41,"column":3}}],"line":39},"7":{"loc":{"start":{"line":44,"column":2},"end":{"line":48,"column":3}},"type":"if","locations":[{"start":{"line":44,"column":2},"end":{"line":48,"column":3}},{"start":{"line":44,"column":2},"end":{"line":48,"column":3}}],"line":44},"8":{"loc":{"start":{"line":53,"column":2},"end":{"line":55,"column":3}},"type":"if","locations":[{"start":{"line":53,"column":2},"end":{"line":55,"column":3}},{"start":{"line":53,"column":2},"end":{"line":55,"column":3}}],"line":53},"9":{"loc":{"start":{"line":73,"column":2},"end":{"line":75,"column":3}},"type":"if","locations":[{"start":{"line":73,"column":2},"end":{"line":75,"column":3}},{"start":{"line":73,"column":2},"end":{"line":75,"column":3}}],"line":73},"10":{"loc":{"start":{"line":73,"column":6},"end":{"line":73,"column":64}},"type":"binary-expr","locations":[{"start":{"line":73,"column":6},"end":{"line":73,"column":44}},{"start":{"line":73,"column":48},"end":{"line":73,"column":64}}],"line":73},"11":{"loc":{"start":{"line":80,"column":2},"end":{"line":88,"column":3}},"type":"if","locations":[{"start":{"line":80,"column":2},"end":{"line":88,"column":3}},{"start":{"line":80,"column":2},"end":{"line":88,"column":3}}],"line":80},"12":{"loc":{"start":{"line":80,"column":6},"end":{"line":80,"column":68}},"type":"binary-expr","locations":[{"start":{"line":80,"column":6},"end":{"line":80,"column":18}},{"start":{"line":80,"column":22},"end":{"line":80,"column":68}}],"line":80},"13":{"loc":{"start":{"line":82,"column":4},"end":{"line":86,"column":5}},"type":"if","locations":[{"start":{"line":82,"column":4},"end":{"line":86,"column":5}},{"start":{"line":82,"column":4},"end":{"line":86,"column":5}}],"line":82},"14":{"loc":{"start":{"line":83,"column":5},"end":{"line":85,"column":6}},"type":"if","locations":[{"start":{"line":83,"column":5},"end":{"line":85,"column":6}},{"start":{"line":83,"column":5},"end":{"line":85,"column":6}}],"line":83},"15":{"loc":{"start":{"line":96,"column":2},"end":{"line":100,"column":3}},"type":"if","locations":[{"start":{"line":96,"column":2},"end":{"line":100,"column":3}},{"start":{"line":96,"column":2},"end":{"line":100,"column":3}}],"line":96},"16":{"loc":{"start":{"line":121,"column":2},"end":{"line":123,"column":3}},"type":"if","locations":[{"start":{"line":121,"column":2},"end":{"line":123,"column":3}},{"start":{"line":121,"column":2},"end":{"line":123,"column":3}}],"line":121},"17":{"loc":{"start":{"line":121,"column":6},"end":{"line":121,"column":63}},"type":"binary-expr","locations":[{"start":{"line":121,"column":6},"end":{"line":121,"column":44}},{"start":{"line":121,"column":48},"end":{"line":121,"column":63}}],"line":121},"18":{"loc":{"start":{"line":133,"column":2},"end":{"line":137,"column":3}},"type":"if","locations":[{"start":{"line":133,"column":2},"end":{"line":137,"column":3}},{"start":{"line":133,"column":2},"end":{"line":137,"column":3}}],"line":133},"19":{"loc":{"start":{"line":160,"column":2},"end":{"line":166,"column":3}},"type":"if","locations":[{"start":{"line":160,"column":2},"end":{"line":166,"column":3}},{"start":{"line":160,"column":2},"end":{"line":166,"column":3}}],"line":160}},"s":{"0":1,"1":0,"2":0,"3":1,"4":0,"5":0,"6":0,"7":0,"8":0,"9":0,"10":0,"11":0,"12":0,"13":0,"14":0,"15":0,"16":11,"17":0,"18":0,"19":0,"20":0,"21":0,"22":0,"23":0,"24":0,"25":0,"26":0,"27":0,"28":0,"29":0,"30":0,"31":0,"32":0,"33":0,"34":0,"35":0,"36":0,"37":0,"38":0,"39":0,"40":0,"41":0,"42":0,"43":0,"44":0,"45":0,"46":0,"47":0,"48":0,"49":0,"50":0,"51":0},"f":{"0":1,"1":1,"2":0,"3":0,"4":11,"5":0,"6":0,"7":0,"8":0,"9":0,"10":0,"11":0,"12":0},"b":{"0":[1],"1":[0],"2":[1],"3":[0,0],"4":[0,0],"5":[0,0],"6":[0,0],"7":[0,0],"8":[0,0],"9":[0,0],"10":[0,0],"11":[0,0],"12":[0,0],"13":[0,0],"14":[0,0],"15":[0,0],"16":[0,0],"17":[0,0],"18":[0,0],"19":[0,0]},"_coverageSchema":"43e27e138ebf9cfc5966b082cf9a028302ed4184","hash":"a90543dc26874511dd335514260ae772b8211c39"}
,"C:\\Users\\bourgneufg\\Desktop\\collapsible\\src\\js\\utils\\component.js": {"path":"C:\\Users\\bourgneufg\\Desktop\\collapsible\\src\\js\\utils\\component.js","statementMap":{"0":{"start":{"line":8,"column":2},"end":{"line":8,"column":10}},"1":{"start":{"line":10,"column":2},"end":{"line":10,"column":85}},"2":{"start":{"line":13,"column":2},"end":{"line":15,"column":3}},"3":{"start":{"line":14,"column":3},"end":{"line":14,"column":106}},"4":{"start":{"line":17,"column":2},"end":{"line":17,"column":79}},"5":{"start":{"line":18,"column":2},"end":{"line":18,"column":74}},"6":{"start":{"line":19,"column":2},"end":{"line":19,"column":52}},"7":{"start":{"line":21,"column":2},"end":{"line":25,"column":4}},"8":{"start":{"line":34,"column":18},"end":{"line":34,"column":29}},"9":{"start":{"line":35,"column":2},"end":{"line":37,"column":3}},"10":{"start":{"line":36,"column":3},"end":{"line":36,"column":20}},"11":{"start":{"line":39,"column":19},"end":{"line":39,"column":49}},"12":{"start":{"line":41,"column":2},"end":{"line":51,"column":5}},"13":{"start":{"line":43,"column":3},"end":{"line":50,"column":4}},"14":{"start":{"line":44,"column":4},"end":{"line":47,"column":8}},"15":{"start":{"line":49,"column":4},"end":{"line":49,"column":51}},"16":{"start":{"line":53,"column":2},"end":{"line":53,"column":19}},"17":{"start":{"line":57,"column":2},"end":{"line":63,"column":3}},"18":{"start":{"line":58,"column":3},"end":{"line":60,"column":4}},"19":{"start":{"line":59,"column":4},"end":{"line":59,"column":56}},"20":{"start":{"line":62,"column":3},"end":{"line":62,"column":33}},"21":{"start":{"line":65,"column":2},"end":{"line":65,"column":14}}},"fnMap":{"0":{"name":"(anonymous_0)","decl":{"start":{"line":7,"column":1},"end":{"line":7,"column":2}},"loc":{"start":{"line":7,"column":57},"end":{"line":26,"column":2}},"line":7},"1":{"name":"(anonymous_1)","decl":{"start":{"line":33,"column":1},"end":{"line":33,"column":2}},"loc":{"start":{"line":33,"column":46},"end":{"line":54,"column":2}},"line":33},"2":{"name":"(anonymous_2)","decl":{"start":{"line":41,"column":28},"end":{"line":41,"column":29}},"loc":{"start":{"line":41,"column":39},"end":{"line":51,"column":3}},"line":41},"3":{"name":"(anonymous_3)","decl":{"start":{"line":56,"column":1},"end":{"line":56,"column":2}},"loc":{"start":{"line":56,"column":33},"end":{"line":66,"column":2}},"line":56}},"branchMap":{"0":{"loc":{"start":{"line":7,"column":22},"end":{"line":7,"column":34}},"type":"default-arg","locations":[{"start":{"line":7,"column":32},"end":{"line":7,"column":34}}],"line":7},"1":{"loc":{"start":{"line":7,"column":36},"end":{"line":7,"column":55}},"type":"default-arg","locations":[{"start":{"line":7,"column":53},"end":{"line":7,"column":55}}],"line":7},"2":{"loc":{"start":{"line":10,"column":17},"end":{"line":10,"column":84}},"type":"cond-expr","locations":[{"start":{"line":10,"column":43},"end":{"line":10,"column":74}},{"start":{"line":10,"column":77},"end":{"line":10,"column":84}}],"line":10},"3":{"loc":{"start":{"line":13,"column":2},"end":{"line":15,"column":3}},"type":"if","locations":[{"start":{"line":13,"column":2},"end":{"line":15,"column":3}},{"start":{"line":13,"column":2},"end":{"line":15,"column":3}}],"line":13},"4":{"loc":{"start":{"line":33,"column":15},"end":{"line":33,"column":30}},"type":"default-arg","locations":[{"start":{"line":33,"column":26},"end":{"line":33,"column":30}}],"line":33},"5":{"loc":{"start":{"line":33,"column":32},"end":{"line":33,"column":44}},"type":"default-arg","locations":[{"start":{"line":33,"column":42},"end":{"line":33,"column":44}}],"line":33},"6":{"loc":{"start":{"line":35,"column":2},"end":{"line":37,"column":3}},"type":"if","locations":[{"start":{"line":35,"column":2},"end":{"line":37,"column":3}},{"start":{"line":35,"column":2},"end":{"line":37,"column":3}}],"line":35},"7":{"loc":{"start":{"line":43,"column":3},"end":{"line":50,"column":4}},"type":"if","locations":[{"start":{"line":43,"column":3},"end":{"line":50,"column":4}},{"start":{"line":43,"column":3},"end":{"line":50,"column":4}}],"line":43},"8":{"loc":{"start":{"line":56,"column":19},"end":{"line":56,"column":31}},"type":"default-arg","locations":[{"start":{"line":56,"column":29},"end":{"line":56,"column":31}}],"line":56},"9":{"loc":{"start":{"line":57,"column":2},"end":{"line":63,"column":3}},"type":"if","locations":[{"start":{"line":57,"column":2},"end":{"line":63,"column":3}},{"start":{"line":57,"column":2},"end":{"line":63,"column":3}}],"line":57},"10":{"loc":{"start":{"line":58,"column":3},"end":{"line":60,"column":4}},"type":"if","locations":[{"start":{"line":58,"column":3},"end":{"line":60,"column":4}},{"start":{"line":58,"column":3},"end":{"line":60,"column":4}}],"line":58}},"s":{"0":1,"1":1,"2":1,"3":1,"4":0,"5":0,"6":0,"7":0,"8":1,"9":1,"10":0,"11":1,"12":1,"13":0,"14":0,"15":0,"16":1,"17":0,"18":0,"19":0,"20":0,"21":0},"f":{"0":1,"1":1,"2":0,"3":0},"b":{"0":[0],"1":[0],"2":[0,1],"3":[1,0],"4":[0],"5":[0],"6":[0,1],"7":[0,0],"8":[0],"9":[0,0],"10":[0,0]},"_coverageSchema":"43e27e138ebf9cfc5966b082cf9a028302ed4184","hash":"1a52c882367ba3e45094725d69fe1d5e91ae168c"}
,"C:\\Users\\bourgneufg\\Desktop\\collapsible\\src\\js\\utils\\dom.js": {"path":"C:\\Users\\bourgneufg\\Desktop\\collapsible\\src\\js\\utils\\dom.js","statementMap":{"0":{"start":{"line":4,"column":29},"end":{"line":24,"column":1}},"1":{"start":{"line":5,"column":1},"end":{"line":7,"column":2}},"2":{"start":{"line":6,"column":2},"end":{"line":6,"column":41}},"3":{"start":{"line":9,"column":1},"end":{"line":11,"column":2}},"4":{"start":{"line":10,"column":2},"end":{"line":10,"column":18}},"5":{"start":{"line":13,"column":1},"end":{"line":19,"column":2}},"6":{"start":{"line":14,"column":2},"end":{"line":18,"column":3}},"7":{"start":{"line":15,"column":3},"end":{"line":15,"column":39}},"8":{"start":{"line":17,"column":3},"end":{"line":17,"column":43}},"9":{"start":{"line":21,"column":1},"end":{"line":23,"column":2}},"10":{"start":{"line":22,"column":2},"end":{"line":22,"column":21}},"11":{"start":{"line":25,"column":32},"end":{"line":28,"column":21}},"12":{"start":{"line":25,"column":52},"end":{"line":28,"column":21}},"13":{"start":{"line":30,"column":34},"end":{"line":43,"column":1}},"14":{"start":{"line":31,"column":1},"end":{"line":42,"column":2}},"15":{"start":{"line":32,"column":2},"end":{"line":39,"column":15}},"16":{"start":{"line":33,"column":18},"end":{"line":33,"column":59}},"17":{"start":{"line":35,"column":4},"end":{"line":38,"column":6}},"18":{"start":{"line":41,"column":2},"end":{"line":41,"column":12}},"19":{"start":{"line":45,"column":0},"end":{"line":57,"column":1}},"20":{"start":{"line":46,"column":1},"end":{"line":56,"column":3}},"21":{"start":{"line":47,"column":2},"end":{"line":49,"column":3}},"22":{"start":{"line":48,"column":3},"end":{"line":48,"column":30}},"23":{"start":{"line":51,"column":2},"end":{"line":55,"column":5}},"24":{"start":{"line":52,"column":3},"end":{"line":54,"column":14}},"25":{"start":{"line":59,"column":0},"end":{"line":65,"column":1}},"26":{"start":{"line":60,"column":1},"end":{"line":64,"column":3}},"27":{"start":{"line":61,"column":2},"end":{"line":63,"column":5}},"28":{"start":{"line":62,"column":3},"end":{"line":62,"column":28}},"29":{"start":{"line":67,"column":0},"end":{"line":79,"column":1}},"30":{"start":{"line":68,"column":1},"end":{"line":78,"column":3}},"31":{"start":{"line":69,"column":2},"end":{"line":71,"column":3}},"32":{"start":{"line":70,"column":3},"end":{"line":70,"column":30}},"33":{"start":{"line":73,"column":2},"end":{"line":77,"column":5}},"34":{"start":{"line":74,"column":3},"end":{"line":76,"column":14}},"35":{"start":{"line":81,"column":0},"end":{"line":87,"column":1}},"36":{"start":{"line":82,"column":1},"end":{"line":86,"column":3}},"37":{"start":{"line":83,"column":2},"end":{"line":85,"column":5}},"38":{"start":{"line":84,"column":3},"end":{"line":84,"column":29}}},"fnMap":{"0":{"name":"(anonymous_0)","decl":{"start":{"line":4,"column":29},"end":{"line":4,"column":30}},"loc":{"start":{"line":4,"column":49},"end":{"line":24,"column":1}},"line":4},"1":{"name":"(anonymous_1)","decl":{"start":{"line":25,"column":32},"end":{"line":25,"column":33}},"loc":{"start":{"line":25,"column":52},"end":{"line":28,"column":21}},"line":25},"2":{"name":"(anonymous_2)","decl":{"start":{"line":30,"column":34},"end":{"line":30,"column":35}},"loc":{"start":{"line":30,"column":65},"end":{"line":43,"column":1}},"line":30},"3":{"name":"(anonymous_3)","decl":{"start":{"line":33,"column":11},"end":{"line":33,"column":12}},"loc":{"start":{"line":33,"column":18},"end":{"line":33,"column":59}},"line":33},"4":{"name":"(anonymous_4)","decl":{"start":{"line":34,"column":11},"end":{"line":34,"column":12}},"loc":{"start":{"line":34,"column":25},"end":{"line":39,"column":4}},"line":34},"5":{"name":"(anonymous_5)","decl":{"start":{"line":46,"column":21},"end":{"line":46,"column":22}},"loc":{"start":{"line":46,"column":48},"end":{"line":56,"column":2}},"line":46},"6":{"name":"(anonymous_6)","decl":{"start":{"line":51,"column":17},"end":{"line":51,"column":18}},"loc":{"start":{"line":51,"column":26},"end":{"line":55,"column":3}},"line":51},"7":{"name":"(anonymous_7)","decl":{"start":{"line":60,"column":25},"end":{"line":60,"column":26}},"loc":{"start":{"line":60,"column":52},"end":{"line":64,"column":2}},"line":60},"8":{"name":"(anonymous_8)","decl":{"start":{"line":61,"column":15},"end":{"line":61,"column":16}},"loc":{"start":{"line":61,"column":23},"end":{"line":63,"column":3}},"line":61},"9":{"name":"(anonymous_9)","decl":{"start":{"line":68,"column":22},"end":{"line":68,"column":23}},"loc":{"start":{"line":68,"column":49},"end":{"line":78,"column":2}},"line":68},"10":{"name":"(anonymous_10)","decl":{"start":{"line":73,"column":17},"end":{"line":73,"column":18}},"loc":{"start":{"line":73,"column":26},"end":{"line":77,"column":3}},"line":73},"11":{"name":"(anonymous_11)","decl":{"start":{"line":82,"column":26},"end":{"line":82,"column":27}},"loc":{"start":{"line":82,"column":53},"end":{"line":86,"column":2}},"line":82},"12":{"name":"(anonymous_12)","decl":{"start":{"line":83,"column":15},"end":{"line":83,"column":16}},"loc":{"start":{"line":83,"column":23},"end":{"line":85,"column":3}},"line":83}},"branchMap":{"0":{"loc":{"start":{"line":5,"column":1},"end":{"line":7,"column":2}},"type":"if","locations":[{"start":{"line":5,"column":1},"end":{"line":7,"column":2}},{"start":{"line":5,"column":1},"end":{"line":7,"column":2}}],"line":5},"1":{"loc":{"start":{"line":9,"column":1},"end":{"line":11,"column":2}},"type":"if","locations":[{"start":{"line":9,"column":1},"end":{"line":11,"column":2}},{"start":{"line":9,"column":1},"end":{"line":11,"column":2}}],"line":9},"2":{"loc":{"start":{"line":13,"column":1},"end":{"line":19,"column":2}},"type":"if","locations":[{"start":{"line":13,"column":1},"end":{"line":19,"column":2}},{"start":{"line":13,"column":1},"end":{"line":19,"column":2}}],"line":13},"3":{"loc":{"start":{"line":14,"column":2},"end":{"line":18,"column":3}},"type":"if","locations":[{"start":{"line":14,"column":2},"end":{"line":18,"column":3}},{"start":{"line":14,"column":2},"end":{"line":18,"column":3}}],"line":14},"4":{"loc":{"start":{"line":14,"column":6},"end":{"line":14,"column":31}},"type":"binary-expr","locations":[{"start":{"line":14,"column":6},"end":{"line":14,"column":10}},{"start":{"line":14,"column":14},"end":{"line":14,"column":31}}],"line":14},"5":{"loc":{"start":{"line":21,"column":1},"end":{"line":23,"column":2}},"type":"if","locations":[{"start":{"line":21,"column":1},"end":{"line":23,"column":2}},{"start":{"line":21,"column":1},"end":{"line":23,"column":2}}],"line":21},"6":{"loc":{"start":{"line":21,"column":5},"end":{"line":21,"column":74}},"type":"binary-expr","locations":[{"start":{"line":21,"column":5},"end":{"line":21,"column":28}},{"start":{"line":21,"column":32},"end":{"line":21,"column":74}}],"line":21},"7":{"loc":{"start":{"line":25,"column":52},"end":{"line":28,"column":21}},"type":"cond-expr","locations":[{"start":{"line":26,"column":1},"end":{"line":26,"column":33}},{"start":{"line":26,"column":37},"end":{"line":28,"column":20}}],"line":25},"8":{"loc":{"start":{"line":26,"column":10},"end":{"line":26,"column":32}},"type":"cond-expr","locations":[{"start":{"line":26,"column":17},"end":{"line":26,"column":21}},{"start":{"line":26,"column":24},"end":{"line":26,"column":32}}],"line":26},"9":{"loc":{"start":{"line":26,"column":37},"end":{"line":28,"column":20}},"type":"cond-expr","locations":[{"start":{"line":27,"column":3},"end":{"line":27,"column":102}},{"start":{"line":27,"column":107},"end":{"line":28,"column":19}}],"line":26},"10":{"loc":{"start":{"line":27,"column":3},"end":{"line":27,"column":102}},"type":"cond-expr","locations":[{"start":{"line":27,"column":33},"end":{"line":27,"column":64}},{"start":{"line":27,"column":67},"end":{"line":27,"column":102}}],"line":27},"11":{"loc":{"start":{"line":27,"column":4},"end":{"line":27,"column":29}},"type":"binary-expr","locations":[{"start":{"line":27,"column":4},"end":{"line":27,"column":8}},{"start":{"line":27,"column":12},"end":{"line":27,"column":29}}],"line":27},"12":{"loc":{"start":{"line":27,"column":107},"end":{"line":28,"column":19}},"type":"cond-expr","locations":[{"start":{"line":27,"column":131},"end":{"line":27,"column":141}},{"start":{"line":27,"column":145},"end":{"line":28,"column":18}}],"line":27},"13":{"loc":{"start":{"line":27,"column":145},"end":{"line":28,"column":18}},"type":"cond-expr","locations":[{"start":{"line":28,"column":3},"end":{"line":28,"column":11}},{"start":{"line":28,"column":14},"end":{"line":28,"column":18}}],"line":27},"14":{"loc":{"start":{"line":30,"column":41},"end":{"line":30,"column":60}},"type":"default-arg","locations":[{"start":{"line":30,"column":58},"end":{"line":30,"column":60}}],"line":30},"15":{"loc":{"start":{"line":31,"column":1},"end":{"line":42,"column":2}},"type":"if","locations":[{"start":{"line":31,"column":1},"end":{"line":42,"column":2}},{"start":{"line":31,"column":1},"end":{"line":42,"column":2}}],"line":31},"16":{"loc":{"start":{"line":32,"column":9},"end":{"line":39,"column":14}},"type":"cond-expr","locations":[{"start":{"line":32,"column":24},"end":{"line":39,"column":9}},{"start":{"line":39,"column":12},"end":{"line":39,"column":14}}],"line":32},"17":{"loc":{"start":{"line":45,"column":0},"end":{"line":57,"column":1}},"type":"if","locations":[{"start":{"line":45,"column":0},"end":{"line":57,"column":1}},{"start":{"line":45,"column":0},"end":{"line":57,"column":1}}],"line":45},"18":{"loc":{"start":{"line":45,"column":4},"end":{"line":45,"column":37}},"type":"binary-expr","locations":[{"start":{"line":45,"column":4},"end":{"line":45,"column":15}},{"start":{"line":45,"column":19},"end":{"line":45,"column":37}}],"line":45},"19":{"loc":{"start":{"line":47,"column":2},"end":{"line":49,"column":3}},"type":"if","locations":[{"start":{"line":47,"column":2},"end":{"line":49,"column":3}},{"start":{"line":47,"column":2},"end":{"line":49,"column":3}}],"line":47},"20":{"loc":{"start":{"line":52,"column":41},"end":{"line":54,"column":12}},"type":"cond-expr","locations":[{"start":{"line":52,"column":73},"end":{"line":54,"column":4}},{"start":{"line":54,"column":7},"end":{"line":54,"column":12}}],"line":52},"21":{"loc":{"start":{"line":59,"column":0},"end":{"line":65,"column":1}},"type":"if","locations":[{"start":{"line":59,"column":0},"end":{"line":65,"column":1}},{"start":{"line":59,"column":0},"end":{"line":65,"column":1}}],"line":59},"22":{"loc":{"start":{"line":59,"column":4},"end":{"line":59,"column":45}},"type":"binary-expr","locations":[{"start":{"line":59,"column":4},"end":{"line":59,"column":19}},{"start":{"line":59,"column":23},"end":{"line":59,"column":45}}],"line":59},"23":{"loc":{"start":{"line":67,"column":0},"end":{"line":79,"column":1}},"type":"if","locations":[{"start":{"line":67,"column":0},"end":{"line":79,"column":1}},{"start":{"line":67,"column":0},"end":{"line":79,"column":1}}],"line":67},"24":{"loc":{"start":{"line":67,"column":4},"end":{"line":67,"column":38}},"type":"binary-expr","locations":[{"start":{"line":67,"column":4},"end":{"line":67,"column":15}},{"start":{"line":67,"column":19},"end":{"line":67,"column":38}}],"line":67},"25":{"loc":{"start":{"line":69,"column":2},"end":{"line":71,"column":3}},"type":"if","locations":[{"start":{"line":69,"column":2},"end":{"line":71,"column":3}},{"start":{"line":69,"column":2},"end":{"line":71,"column":3}}],"line":69},"26":{"loc":{"start":{"line":74,"column":44},"end":{"line":76,"column":12}},"type":"cond-expr","locations":[{"start":{"line":74,"column":76},"end":{"line":76,"column":4}},{"start":{"line":76,"column":7},"end":{"line":76,"column":12}}],"line":74},"27":{"loc":{"start":{"line":81,"column":0},"end":{"line":87,"column":1}},"type":"if","locations":[{"start":{"line":81,"column":0},"end":{"line":87,"column":1}},{"start":{"line":81,"column":0},"end":{"line":87,"column":1}}],"line":81},"28":{"loc":{"start":{"line":81,"column":4},"end":{"line":81,"column":46}},"type":"binary-expr","locations":[{"start":{"line":81,"column":4},"end":{"line":81,"column":19}},{"start":{"line":81,"column":23},"end":{"line":81,"column":46}}],"line":81}},"s":{"0":1,"1":0,"2":0,"3":0,"4":0,"5":0,"6":0,"7":0,"8":0,"9":0,"10":0,"11":1,"12":1,"13":1,"14":0,"15":0,"16":0,"17":0,"18":0,"19":1,"20":1,"21":0,"22":0,"23":0,"24":0,"25":1,"26":1,"27":0,"28":0,"29":1,"30":1,"31":0,"32":0,"33":0,"34":0,"35":1,"36":1,"37":0,"38":0},"f":{"0":0,"1":1,"2":0,"3":0,"4":0,"5":0,"6":0,"7":0,"8":0,"9":0,"10":0,"11":0,"12":0},"b":{"0":[0,0],"1":[0,0],"2":[0,0],"3":[0,0],"4":[0,0],"5":[0,0],"6":[0,0],"7":[0,1],"8":[0,0],"9":[1,0],"10":[0,1],"11":[1,0],"12":[0,0],"13":[0,0],"14":[0],"15":[0,0],"16":[0,0],"17":[1,0],"18":[1,1],"19":[0,0],"20":[0,0],"21":[1,0],"22":[1,1],"23":[1,0],"24":[1,1],"25":[0,0],"26":[0,0],"27":[1,0],"28":[1,1]},"_coverageSchema":"43e27e138ebf9cfc5966b082cf9a028302ed4184","hash":"4afaf4b374d741b0167baa0dbb3c682226788235"}
,"C:\\Users\\bourgneufg\\Desktop\\collapsible\\src\\js\\utils\\events.js": {"path":"C:\\Users\\bourgneufg\\Desktop\\collapsible\\src\\js\\utils\\events.js","statementMap":{"0":{"start":{"line":3,"column":2},"end":{"line":3,"column":39}},"1":{"start":{"line":4,"column":2},"end":{"line":4,"column":32}},"2":{"start":{"line":8,"column":2},"end":{"line":10,"column":3}},"3":{"start":{"line":9,"column":3},"end":{"line":9,"column":12}},"4":{"start":{"line":12,"column":25},"end":{"line":12,"column":55}},"5":{"start":{"line":13,"column":2},"end":{"line":13,"column":31}},"6":{"start":{"line":17,"column":2},"end":{"line":29,"column":3}},"7":{"start":{"line":18,"column":3},"end":{"line":26,"column":4}},"8":{"start":{"line":19,"column":4},"end":{"line":19,"column":59}},"9":{"start":{"line":19,"column":22},"end":{"line":19,"column":57}},"10":{"start":{"line":21,"column":4},"end":{"line":21,"column":38}},"11":{"start":{"line":23,"column":4},"end":{"line":25,"column":5}},"12":{"start":{"line":24,"column":5},"end":{"line":24,"column":38}},"13":{"start":{"line":28,"column":3},"end":{"line":28,"column":31}},"14":{"start":{"line":33,"column":2},"end":{"line":41,"column":3}},"15":{"start":{"line":34,"column":3},"end":{"line":34,"column":45}},"16":{"start":{"line":34,"column":21},"end":{"line":34,"column":43}},"17":{"start":{"line":36,"column":3},"end":{"line":38,"column":4}},"18":{"start":{"line":37,"column":4},"end":{"line":37,"column":41}},"19":{"start":{"line":40,"column":3},"end":{"line":40,"column":47}},"20":{"start":{"line":45,"column":2},"end":{"line":53,"column":3}},"21":{"start":{"line":46,"column":3},"end":{"line":50,"column":4}},"22":{"start":{"line":47,"column":4},"end":{"line":47,"column":48}},"23":{"start":{"line":47,"column":22},"end":{"line":47,"column":46}},"24":{"start":{"line":49,"column":4},"end":{"line":49,"column":40}},"25":{"start":{"line":52,"column":3},"end":{"line":52,"column":33}},"26":{"start":{"line":57,"column":2},"end":{"line":72,"column":3}},"27":{"start":{"line":58,"column":3},"end":{"line":58,"column":43}},"28":{"start":{"line":58,"column":21},"end":{"line":58,"column":41}},"29":{"start":{"line":60,"column":3},"end":{"line":60,"column":26}},"30":{"start":{"line":61,"column":17},"end":{"line":61,"column":37}},"31":{"start":{"line":63,"column":3},"end":{"line":71,"column":4}},"32":{"start":{"line":64,"column":4},"end":{"line":64,"column":45}},"33":{"start":{"line":64,"column":23},"end":{"line":64,"column":43}},"34":{"start":{"line":66,"column":4},"end":{"line":68,"column":5}},"35":{"start":{"line":67,"column":5},"end":{"line":67,"column":35}},"36":{"start":{"line":70,"column":4},"end":{"line":70,"column":71}},"37":{"start":{"line":76,"column":2},"end":{"line":76,"column":32}},"38":{"start":{"line":80,"column":2},"end":{"line":80,"column":25}},"39":{"start":{"line":81,"column":18},"end":{"line":81,"column":43}},"40":{"start":{"line":82,"column":20},"end":{"line":82,"column":24}},"41":{"start":{"line":83,"column":18},"end":{"line":83,"column":19}},"42":{"start":{"line":84,"column":16},"end":{"line":84,"column":22}},"43":{"start":{"line":86,"column":2},"end":{"line":123,"column":3}},"44":{"start":{"line":87,"column":3},"end":{"line":117,"column":6}},"45":{"start":{"line":89,"column":4},"end":{"line":108,"column":5}},"46":{"start":{"line":90,"column":5},"end":{"line":90,"column":47}},"47":{"start":{"line":92,"column":5},"end":{"line":107,"column":6}},"48":{"start":{"line":93,"column":6},"end":{"line":100,"column":9}},"49":{"start":{"line":94,"column":7},"end":{"line":99,"column":16}},"50":{"start":{"line":95,"column":8},"end":{"line":97,"column":9}},"51":{"start":{"line":96,"column":9},"end":{"line":96,"column":24}},"52":{"start":{"line":98,"column":8},"end":{"line":98,"column":20}},"53":{"start":{"line":102,"column":6},"end":{"line":104,"column":7}},"54":{"start":{"line":103,"column":7},"end":{"line":103,"column":22}},"55":{"start":{"line":106,"column":6},"end":{"line":106,"column":21}},"56":{"start":{"line":111,"column":4},"end":{"line":116,"column":5}},"57":{"start":{"line":112,"column":5},"end":{"line":114,"column":6}},"58":{"start":{"line":113,"column":6},"end":{"line":113,"column":30}},"59":{"start":{"line":115,"column":5},"end":{"line":115,"column":29}},"60":{"start":{"line":120,"column":3},"end":{"line":122,"column":4}},"61":{"start":{"line":121,"column":4},"end":{"line":121,"column":49}}},"fnMap":{"0":{"name":"(anonymous_0)","decl":{"start":{"line":2,"column":1},"end":{"line":2,"column":2}},"loc":{"start":{"line":2,"column":29},"end":{"line":5,"column":2}},"line":2},"1":{"name":"(anonymous_1)","decl":{"start":{"line":7,"column":1},"end":{"line":7,"column":2}},"loc":{"start":{"line":7,"column":26},"end":{"line":14,"column":2}},"line":7},"2":{"name":"(anonymous_2)","decl":{"start":{"line":16,"column":1},"end":{"line":16,"column":2}},"loc":{"start":{"line":16,"column":55},"end":{"line":30,"column":2}},"line":16},"3":{"name":"(anonymous_3)","decl":{"start":{"line":19,"column":17},"end":{"line":19,"column":18}},"loc":{"start":{"line":19,"column":22},"end":{"line":19,"column":57}},"line":19},"4":{"name":"(anonymous_4)","decl":{"start":{"line":32,"column":1},"end":{"line":32,"column":2}},"loc":{"start":{"line":32,"column":27},"end":{"line":42,"column":2}},"line":32},"5":{"name":"(anonymous_5)","decl":{"start":{"line":34,"column":16},"end":{"line":34,"column":17}},"loc":{"start":{"line":34,"column":21},"end":{"line":34,"column":43}},"line":34},"6":{"name":"(anonymous_6)","decl":{"start":{"line":44,"column":1},"end":{"line":44,"column":2}},"loc":{"start":{"line":44,"column":36},"end":{"line":54,"column":2}},"line":44},"7":{"name":"(anonymous_7)","decl":{"start":{"line":47,"column":17},"end":{"line":47,"column":18}},"loc":{"start":{"line":47,"column":22},"end":{"line":47,"column":46}},"line":47},"8":{"name":"(anonymous_8)","decl":{"start":{"line":56,"column":1},"end":{"line":56,"column":2}},"loc":{"start":{"line":56,"column":34},"end":{"line":73,"column":2}},"line":56},"9":{"name":"(anonymous_9)","decl":{"start":{"line":58,"column":16},"end":{"line":58,"column":17}},"loc":{"start":{"line":58,"column":21},"end":{"line":58,"column":41}},"line":58},"10":{"name":"(anonymous_10)","decl":{"start":{"line":64,"column":18},"end":{"line":64,"column":19}},"loc":{"start":{"line":64,"column":23},"end":{"line":64,"column":43}},"line":64},"11":{"name":"(anonymous_11)","decl":{"start":{"line":75,"column":1},"end":{"line":75,"column":2}},"loc":{"start":{"line":75,"column":22},"end":{"line":77,"column":2}},"line":75},"12":{"name":"(anonymous_12)","decl":{"start":{"line":79,"column":1},"end":{"line":79,"column":2}},"loc":{"start":{"line":79,"column":34},"end":{"line":124,"column":2}},"line":79},"13":{"name":"(anonymous_13)","decl":{"start":{"line":87,"column":21},"end":{"line":87,"column":22}},"loc":{"start":{"line":87,"column":42},"end":{"line":117,"column":4}},"line":87},"14":{"name":"(anonymous_14)","decl":{"start":{"line":93,"column":26},"end":{"line":93,"column":27}},"loc":{"start":{"line":93,"column":40},"end":{"line":100,"column":7}},"line":93},"15":{"name":"(anonymous_15)","decl":{"start":{"line":94,"column":24},"end":{"line":94,"column":25}},"loc":{"start":{"line":94,"column":44},"end":{"line":99,"column":8}},"line":94}},"branchMap":{"0":{"loc":{"start":{"line":2,"column":13},"end":{"line":2,"column":27}},"type":"default-arg","locations":[{"start":{"line":2,"column":25},"end":{"line":2,"column":27}}],"line":2},"1":{"loc":{"start":{"line":8,"column":2},"end":{"line":10,"column":3}},"type":"if","locations":[{"start":{"line":8,"column":2},"end":{"line":10,"column":3}},{"start":{"line":8,"column":2},"end":{"line":10,"column":3}}],"line":8},"2":{"loc":{"start":{"line":16,"column":17},"end":{"line":16,"column":33}},"type":"default-arg","locations":[{"start":{"line":16,"column":29},"end":{"line":16,"column":33}}],"line":16},"3":{"loc":{"start":{"line":16,"column":35},"end":{"line":16,"column":53}},"type":"default-arg","locations":[{"start":{"line":16,"column":48},"end":{"line":16,"column":53}}],"line":16},"4":{"loc":{"start":{"line":17,"column":2},"end":{"line":29,"column":3}},"type":"if","locations":[{"start":{"line":17,"column":2},"end":{"line":29,"column":3}},{"start":{"line":17,"column":2},"end":{"line":29,"column":3}}],"line":17},"5":{"loc":{"start":{"line":18,"column":3},"end":{"line":26,"column":4}},"type":"if","locations":[{"start":{"line":18,"column":3},"end":{"line":26,"column":4}},{"start":{"line":18,"column":3},"end":{"line":26,"column":4}}],"line":18},"6":{"loc":{"start":{"line":23,"column":4},"end":{"line":25,"column":5}},"type":"if","locations":[{"start":{"line":23,"column":4},"end":{"line":25,"column":5}},{"start":{"line":23,"column":4},"end":{"line":25,"column":5}}],"line":23},"7":{"loc":{"start":{"line":33,"column":2},"end":{"line":41,"column":3}},"type":"if","locations":[{"start":{"line":33,"column":2},"end":{"line":41,"column":3}},{"start":{"line":33,"column":2},"end":{"line":41,"column":3}}],"line":33},"8":{"loc":{"start":{"line":36,"column":3},"end":{"line":38,"column":4}},"type":"if","locations":[{"start":{"line":36,"column":3},"end":{"line":38,"column":4}},{"start":{"line":36,"column":3},"end":{"line":38,"column":4}}],"line":36},"9":{"loc":{"start":{"line":44,"column":18},"end":{"line":44,"column":34}},"type":"default-arg","locations":[{"start":{"line":44,"column":30},"end":{"line":44,"column":34}}],"line":44},"10":{"loc":{"start":{"line":45,"column":2},"end":{"line":53,"column":3}},"type":"if","locations":[{"start":{"line":45,"column":2},"end":{"line":53,"column":3}},{"start":{"line":45,"column":2},"end":{"line":53,"column":3}}],"line":45},"11":{"loc":{"start":{"line":46,"column":3},"end":{"line":50,"column":4}},"type":"if","locations":[{"start":{"line":46,"column":3},"end":{"line":50,"column":4}},{"start":{"line":46,"column":3},"end":{"line":50,"column":4}}],"line":46},"12":{"loc":{"start":{"line":56,"column":20},"end":{"line":56,"column":32}},"type":"default-arg","locations":[{"start":{"line":56,"column":27},"end":{"line":56,"column":32}}],"line":56},"13":{"loc":{"start":{"line":57,"column":2},"end":{"line":72,"column":3}},"type":"if","locations":[{"start":{"line":57,"column":2},"end":{"line":72,"column":3}},{"start":{"line":57,"column":2},"end":{"line":72,"column":3}}],"line":57},"14":{"loc":{"start":{"line":63,"column":3},"end":{"line":71,"column":4}},"type":"if","locations":[{"start":{"line":63,"column":3},"end":{"line":71,"column":4}},{"start":{"line":63,"column":3},"end":{"line":71,"column":4}}],"line":63},"15":{"loc":{"start":{"line":66,"column":4},"end":{"line":68,"column":5}},"type":"if","locations":[{"start":{"line":66,"column":4},"end":{"line":68,"column":5}},{"start":{"line":66,"column":4},"end":{"line":68,"column":5}}],"line":66},"16":{"loc":{"start":{"line":79,"column":18},"end":{"line":79,"column":32}},"type":"default-arg","locations":[{"start":{"line":79,"column":27},"end":{"line":79,"column":32}}],"line":79},"17":{"loc":{"start":{"line":86,"column":2},"end":{"line":123,"column":3}},"type":"if","locations":[{"start":{"line":86,"column":2},"end":{"line":123,"column":3}},{"start":{"line":86,"column":2},"end":{"line":123,"column":3}}],"line":86},"18":{"loc":{"start":{"line":89,"column":4},"end":{"line":108,"column":5}},"type":"if","locations":[{"start":{"line":89,"column":4},"end":{"line":108,"column":5}},{"start":{"line":89,"column":4},"end":{"line":108,"column":5}}],"line":89},"19":{"loc":{"start":{"line":92,"column":5},"end":{"line":107,"column":6}},"type":"if","locations":[{"start":{"line":92,"column":5},"end":{"line":107,"column":6}},{"start":{"line":92,"column":5},"end":{"line":107,"column":6}}],"line":92},"20":{"loc":{"start":{"line":94,"column":25},"end":{"line":94,"column":39}},"type":"default-arg","locations":[{"start":{"line":94,"column":35},"end":{"line":94,"column":39}}],"line":94},"21":{"loc":{"start":{"line":95,"column":8},"end":{"line":97,"column":9}},"type":"if","locations":[{"start":{"line":95,"column":8},"end":{"line":97,"column":9}},{"start":{"line":95,"column":8},"end":{"line":97,"column":9}}],"line":95},"22":{"loc":{"start":{"line":102,"column":6},"end":{"line":104,"column":7}},"type":"if","locations":[{"start":{"line":102,"column":6},"end":{"line":104,"column":7}},{"start":{"line":102,"column":6},"end":{"line":104,"column":7}}],"line":102},"23":{"loc":{"start":{"line":111,"column":4},"end":{"line":116,"column":5}},"type":"if","locations":[{"start":{"line":111,"column":4},"end":{"line":116,"column":5}},{"start":{"line":111,"column":4},"end":{"line":116,"column":5}}],"line":111},"24":{"loc":{"start":{"line":112,"column":5},"end":{"line":114,"column":6}},"type":"if","locations":[{"start":{"line":112,"column":5},"end":{"line":114,"column":6}},{"start":{"line":112,"column":5},"end":{"line":114,"column":6}}],"line":112}},"s":{"0":1,"1":1,"2":0,"3":0,"4":0,"5":0,"6":0,"7":0,"8":0,"9":0,"10":0,"11":0,"12":0,"13":0,"14":0,"15":0,"16":0,"17":0,"18":0,"19":0,"20":0,"21":0,"22":0,"23":0,"24":0,"25":0,"26":0,"27":0,"28":0,"29":0,"30":0,"31":0,"32":0,"33":0,"34":0,"35":0,"36":0,"37":0,"38":0,"39":0,"40":0,"41":0,"42":0,"43":0,"44":0,"45":0,"46":0,"47":0,"48":0,"49":0,"50":0,"51":0,"52":0,"53":0,"54":0,"55":0,"56":0,"57":0,"58":0,"59":0,"60":0,"61":0},"f":{"0":1,"1":0,"2":0,"3":0,"4":0,"5":0,"6":0,"7":0,"8":0,"9":0,"10":0,"11":0,"12":0,"13":0,"14":0,"15":0},"b":{"0":[1],"1":[0,0],"2":[0],"3":[0],"4":[0,0],"5":[0,0],"6":[0,0],"7":[0,0],"8":[0,0],"9":[0],"10":[0,0],"11":[0,0],"12":[0],"13":[0,0],"14":[0,0],"15":[0,0],"16":[0],"17":[0,0],"18":[0,0],"19":[0,0],"20":[0],"21":[0,0],"22":[0,0],"23":[0,0],"24":[0,0]},"_coverageSchema":"43e27e138ebf9cfc5966b082cf9a028302ed4184","hash":"d88862659cc8e1fbd38da59aac55ea1642e32f81"}
,"C:\\Users\\bourgneufg\\Desktop\\collapsible\\src\\js\\utils\\index.js": {"path":"C:\\Users\\bourgneufg\\Desktop\\collapsible\\src\\js\\utils\\index.js","statementMap":{"0":{"start":{"line":1,"column":20},"end":{"line":1,"column":184}},"1":{"start":{"line":1,"column":37},"end":{"line":1,"column":184}},"2":{"start":{"line":1,"column":106},"end":{"line":1,"column":183}},"3":{"start":{"line":3,"column":21},"end":{"line":9,"column":1}},"4":{"start":{"line":4,"column":1},"end":{"line":8,"column":2}},"5":{"start":{"line":5,"column":2},"end":{"line":5,"column":12}},"6":{"start":{"line":7,"column":2},"end":{"line":7,"column":64}},"7":{"start":{"line":11,"column":37},"end":{"line":27,"column":1}},"8":{"start":{"line":12,"column":23},"end":{"line":12,"column":28}},"9":{"start":{"line":14,"column":1},"end":{"line":24,"column":15}},"10":{"start":{"line":15,"column":13},"end":{"line":20,"column":4}},"11":{"start":{"line":17,"column":4},"end":{"line":17,"column":27}},"12":{"start":{"line":18,"column":4},"end":{"line":18,"column":16}},"13":{"start":{"line":22,"column":2},"end":{"line":22,"column":53}},"14":{"start":{"line":23,"column":2},"end":{"line":23,"column":56}},"15":{"start":{"line":26,"column":1},"end":{"line":26,"column":24}}},"fnMap":{"0":{"name":"(anonymous_0)","decl":{"start":{"line":1,"column":20},"end":{"line":1,"column":21}},"loc":{"start":{"line":1,"column":37},"end":{"line":1,"column":184}},"line":1},"1":{"name":"(anonymous_1)","decl":{"start":{"line":1,"column":101},"end":{"line":1,"column":102}},"loc":{"start":{"line":1,"column":106},"end":{"line":1,"column":183}},"line":1},"2":{"name":"(anonymous_2)","decl":{"start":{"line":3,"column":21},"end":{"line":3,"column":22}},"loc":{"start":{"line":3,"column":34},"end":{"line":9,"column":1}},"line":3},"3":{"name":"(anonymous_3)","decl":{"start":{"line":11,"column":37},"end":{"line":11,"column":38}},"loc":{"start":{"line":11,"column":43},"end":{"line":27,"column":1}},"line":11},"4":{"name":"(anonymous_4)","decl":{"start":{"line":16,"column":3},"end":{"line":16,"column":4}},"loc":{"start":{"line":16,"column":9},"end":{"line":19,"column":4}},"line":16}},"branchMap":{"0":{"loc":{"start":{"line":1,"column":21},"end":{"line":1,"column":32}},"type":"default-arg","locations":[{"start":{"line":1,"column":30},"end":{"line":1,"column":32}}],"line":1},"1":{"loc":{"start":{"line":4,"column":1},"end":{"line":8,"column":2}},"type":"if","locations":[{"start":{"line":4,"column":1},"end":{"line":8,"column":2}},{"start":{"line":4,"column":1},"end":{"line":8,"column":2}}],"line":4},"2":{"loc":{"start":{"line":4,"column":5},"end":{"line":4,"column":77}},"type":"binary-expr","locations":[{"start":{"line":4,"column":5},"end":{"line":4,"column":60}},{"start":{"line":4,"column":64},"end":{"line":4,"column":77}}],"line":4}},"s":{"0":1,"1":0,"2":0,"3":1,"4":0,"5":0,"6":0,"7":1,"8":0,"9":0,"10":0,"11":0,"12":0,"13":0,"14":0,"15":0},"f":{"0":0,"1":0,"2":0,"3":0,"4":0},"b":{"0":[0],"1":[0,0],"2":[0,0]},"_coverageSchema":"43e27e138ebf9cfc5966b082cf9a028302ed4184","hash":"4872f48753f9c15b92c102e1aa2618b1202f900b"}
,"C:\\Users\\bourgneufg\\Desktop\\collapsible\\src\\js\\utils\\type.js": {"path":"C:\\Users\\bourgneufg\\Desktop\\collapsible\\src\\js\\utils\\type.js","statementMap":{"0":{"start":{"line":1,"column":26},"end":{"line":1,"column":66}},"1":{"start":{"line":1,"column":37},"end":{"line":1,"column":66}},"2":{"start":{"line":2,"column":24},"end":{"line":2,"column":177}},"3":{"start":{"line":2,"column":36},"end":{"line":2,"column":176}},"4":{"start":{"line":3,"column":22},"end":{"line":3,"column":150}},"5":{"start":{"line":3,"column":33},"end":{"line":3,"column":150}},"6":{"start":{"line":4,"column":24},"end":{"line":4,"column":141}},"7":{"start":{"line":4,"column":36},"end":{"line":4,"column":140}},"8":{"start":{"line":5,"column":22},"end":{"line":12,"column":1}},"9":{"start":{"line":6,"column":1},"end":{"line":11,"column":2}},"10":{"start":{"line":7,"column":2},"end":{"line":7,"column":48}},"11":{"start":{"line":8,"column":2},"end":{"line":8,"column":14}},"12":{"start":{"line":10,"column":2},"end":{"line":10,"column":15}},"13":{"start":{"line":13,"column":14},"end":{"line":13,"column":40}},"14":{"start":{"line":14,"column":28},"end":{"line":16,"column":1}},"15":{"start":{"line":15,"column":1},"end":{"line":15,"column":34}}},"fnMap":{"0":{"name":"(anonymous_0)","decl":{"start":{"line":1,"column":26},"end":{"line":1,"column":27}},"loc":{"start":{"line":1,"column":37},"end":{"line":1,"column":66}},"line":1},"1":{"name":"(anonymous_1)","decl":{"start":{"line":2,"column":24},"end":{"line":2,"column":25}},"loc":{"start":{"line":2,"column":36},"end":{"line":2,"column":176}},"line":2},"2":{"name":"(anonymous_2)","decl":{"start":{"line":3,"column":22},"end":{"line":3,"column":23}},"loc":{"start":{"line":3,"column":33},"end":{"line":3,"column":150}},"line":3},"3":{"name":"(anonymous_3)","decl":{"start":{"line":4,"column":24},"end":{"line":4,"column":25}},"loc":{"start":{"line":4,"column":36},"end":{"line":4,"column":140}},"line":4},"4":{"name":"(anonymous_4)","decl":{"start":{"line":5,"column":22},"end":{"line":5,"column":23}},"loc":{"start":{"line":5,"column":33},"end":{"line":12,"column":1}},"line":5},"5":{"name":"(anonymous_5)","decl":{"start":{"line":14,"column":28},"end":{"line":14,"column":29}},"loc":{"start":{"line":14,"column":43},"end":{"line":16,"column":1}},"line":14}},"branchMap":{"0":{"loc":{"start":{"line":2,"column":36},"end":{"line":2,"column":176}},"type":"binary-expr","locations":[{"start":{"line":2,"column":36},"end":{"line":2,"column":63}},{"start":{"line":2,"column":69},"end":{"line":2,"column":78}},{"start":{"line":2,"column":82},"end":{"line":2,"column":109}},{"start":{"line":2,"column":114},"end":{"line":2,"column":175}}],"line":2},"1":{"loc":{"start":{"line":3,"column":33},"end":{"line":3,"column":150}},"type":"binary-expr","locations":[{"start":{"line":3,"column":34},"end":{"line":3,"column":93}},{"start":{"line":3,"column":97},"end":{"line":3,"column":120}},{"start":{"line":3,"column":125},"end":{"line":3,"column":150}}],"line":3},"2":{"loc":{"start":{"line":4,"column":36},"end":{"line":4,"column":140}},"type":"binary-expr","locations":[{"start":{"line":4,"column":37},"end":{"line":4,"column":66}},{"start":{"line":4,"column":71},"end":{"line":4,"column":98}},{"start":{"line":4,"column":102},"end":{"line":4,"column":111}},{"start":{"line":4,"column":117},"end":{"line":4,"column":140}}],"line":4},"3":{"loc":{"start":{"line":15,"column":8},"end":{"line":15,"column":33}},"type":"binary-expr","locations":[{"start":{"line":15,"column":8},"end":{"line":15,"column":24}},{"start":{"line":15,"column":28},"end":{"line":15,"column":33}}],"line":15}},"s":{"0":1,"1":1,"2":1,"3":2,"4":1,"5":0,"6":1,"7":0,"8":1,"9":0,"10":0,"11":0,"12":0,"13":1,"14":1,"15":0},"f":{"0":1,"1":2,"2":0,"3":0,"4":0,"5":0},"b":{"0":[2,1,0,0],"1":[0,0,0],"2":[0,0,0,0],"3":[0,0]},"_coverageSchema":"43e27e138ebf9cfc5966b082cf9a028302ed4184","hash":"5f21e7c2054277fb75743c9910bd62e1a6ac6a1d"}
}
