TN:
SF:C:\Users\bourgneufg\Desktop\collapsible\src\js\defaultOptions.js
FNF:0
FNH:0
DA:1,1
LF:1
LH:1
BRF:0
BRH:0
end_of_record
TN:
SF:C:\Users\bourgneufg\Desktop\collapsible\src\js\index.js
FN:7,(anonymous_0)
FN:22,(anonymous_1)
FN:31,(anonymous_2)
FN:51,(anonymous_3)
FN:63,(anonymous_4)
FN:72,(anonymous_5)
FN:81,(anonymous_6)
FN:97,(anonymous_7)
FN:110,(anonymous_8)
FN:120,(anonymous_9)
FN:134,(anonymous_10)
FN:147,(anonymous_11)
FN:157,(anonymous_12)
FNF:13
FNH:3
FNDA:1,(anonymous_0)
FNDA:1,(anonymous_1)
FNDA:0,(anonymous_2)
FNDA:0,(anonymous_3)
FNDA:11,(anonymous_4)
FNDA:0,(anonymous_5)
FNDA:0,(anonymous_6)
FNDA:0,(anonymous_7)
FNDA:0,(anonymous_8)
FNDA:0,(anonymous_9)
FNDA:0,(anonymous_10)
FNDA:0,(anonymous_11)
FNDA:0,(anonymous_12)
DA:8,1
DA:11,0
DA:14,0
DA:23,1
DA:32,0
DA:33,0
DA:34,0
DA:35,0
DA:38,0
DA:39,0
DA:40,0
DA:44,0
DA:45,0
DA:47,0
DA:53,0
DA:54,0
DA:64,11
DA:73,0
DA:74,0
DA:77,0
DA:80,0
DA:81,0
DA:82,0
DA:83,0
DA:84,0
DA:91,0
DA:92,0
DA:93,0
DA:96,0
DA:97,0
DA:98,0
DA:102,0
DA:104,0
DA:112,0
DA:121,0
DA:122,0
DA:125,0
DA:128,0
DA:129,0
DA:130,0
DA:133,0
DA:134,0
DA:135,0
DA:139,0
DA:141,0
DA:149,0
DA:158,0
DA:160,0
DA:161,0
DA:162,0
DA:164,0
DA:165,0
LF:52
LH:3
BRDA:7,0,0,1
BRDA:22,1,0,0
BRDA:22,2,0,1
BRDA:33,3,0,0
BRDA:33,3,1,0
BRDA:35,4,0,0
BRDA:35,4,1,0
BRDA:38,5,0,0
BRDA:38,5,1,0
BRDA:39,6,0,0
BRDA:39,6,1,0
BRDA:44,7,0,0
BRDA:44,7,1,0
BRDA:53,8,0,0
BRDA:53,8,1,0
BRDA:73,9,0,0
BRDA:73,9,1,0
BRDA:73,10,0,0
BRDA:73,10,1,0
BRDA:80,11,0,0
BRDA:80,11,1,0
BRDA:80,12,0,0
BRDA:80,12,1,0
BRDA:82,13,0,0
BRDA:82,13,1,0
BRDA:83,14,0,0
BRDA:83,14,1,0
BRDA:96,15,0,0
BRDA:96,15,1,0
BRDA:121,16,0,0
BRDA:121,16,1,0
BRDA:121,17,0,0
BRDA:121,17,1,0
BRDA:133,18,0,0
BRDA:133,18,1,0
BRDA:160,19,0,0
BRDA:160,19,1,0
BRF:37
BRH:2
end_of_record
TN:
SF:C:\Users\bourgneufg\Desktop\collapsible\src\js\utils\component.js
FN:7,(anonymous_0)
FN:33,(anonymous_1)
FN:41,(anonymous_2)
FN:56,(anonymous_3)
FNF:4
FNH:2
FNDA:1,(anonymous_0)
FNDA:1,(anonymous_1)
FNDA:0,(anonymous_2)
FNDA:0,(anonymous_3)
DA:8,1
DA:10,1
DA:13,1
DA:14,1
DA:17,0
DA:18,0
DA:19,0
DA:21,0
DA:34,1
DA:35,1
DA:36,0
DA:39,1
DA:41,1
DA:43,0
DA:44,0
DA:49,0
DA:53,1
DA:57,0
DA:58,0
DA:59,0
DA:62,0
DA:65,0
LF:22
LH:9
BRDA:7,0,0,0
BRDA:7,1,0,0
BRDA:10,2,0,0
BRDA:10,2,1,1
BRDA:13,3,0,1
BRDA:13,3,1,0
BRDA:33,4,0,0
BRDA:33,5,0,0
BRDA:35,6,0,0
BRDA:35,6,1,1
BRDA:43,7,0,0
BRDA:43,7,1,0
BRDA:56,8,0,0
BRDA:57,9,0,0
BRDA:57,9,1,0
BRDA:58,10,0,0
BRDA:58,10,1,0
BRF:17
BRH:3
end_of_record
TN:
SF:C:\Users\bourgneufg\Desktop\collapsible\src\js\utils\dom.js
FN:4,(anonymous_0)
FN:25,(anonymous_1)
FN:30,(anonymous_2)
FN:33,(anonymous_3)
FN:34,(anonymous_4)
FN:46,(anonymous_5)
FN:51,(anonymous_6)
FN:60,(anonymous_7)
FN:61,(anonymous_8)
FN:68,(anonymous_9)
FN:73,(anonymous_10)
FN:82,(anonymous_11)
FN:83,(anonymous_12)
FNF:13
FNH:1
FNDA:0,(anonymous_0)
FNDA:1,(anonymous_1)
FNDA:0,(anonymous_2)
FNDA:0,(anonymous_3)
FNDA:0,(anonymous_4)
FNDA:0,(anonymous_5)
FNDA:0,(anonymous_6)
FNDA:0,(anonymous_7)
FNDA:0,(anonymous_8)
FNDA:0,(anonymous_9)
FNDA:0,(anonymous_10)
FNDA:0,(anonymous_11)
FNDA:0,(anonymous_12)
DA:4,1
DA:5,0
DA:6,0
DA:9,0
DA:10,0
DA:13,0
DA:14,0
DA:15,0
DA:17,0
DA:21,0
DA:22,0
DA:25,1
DA:30,1
DA:31,0
DA:32,0
DA:33,0
DA:35,0
DA:41,0
DA:45,1
DA:46,1
DA:47,0
DA:48,0
DA:51,0
DA:52,0
DA:59,1
DA:60,1
DA:61,0
DA:62,0
DA:67,1
DA:68,1
DA:69,0
DA:70,0
DA:73,0
DA:74,0
DA:81,1
DA:82,1
DA:83,0
DA:84,0
LF:38
LH:11
BRDA:5,0,0,0
BRDA:5,0,1,0
BRDA:9,1,0,0
BRDA:9,1,1,0
BRDA:13,2,0,0
BRDA:13,2,1,0
BRDA:14,3,0,0
BRDA:14,3,1,0
BRDA:14,4,0,0
BRDA:14,4,1,0
BRDA:21,5,0,0
BRDA:21,5,1,0
BRDA:21,6,0,0
BRDA:21,6,1,0
BRDA:25,7,0,0
BRDA:25,7,1,1
BRDA:26,8,0,0
BRDA:26,8,1,0
BRDA:26,9,0,1
BRDA:26,9,1,0
BRDA:27,10,0,0
BRDA:27,10,1,1
BRDA:27,11,0,1
BRDA:27,11,1,0
BRDA:27,12,0,0
BRDA:27,12,1,0
BRDA:27,13,0,0
BRDA:27,13,1,0
BRDA:30,14,0,0
BRDA:31,15,0,0
BRDA:31,15,1,0
BRDA:32,16,0,0
BRDA:32,16,1,0
BRDA:45,17,0,1
BRDA:45,17,1,0
BRDA:45,18,0,1
BRDA:45,18,1,1
BRDA:47,19,0,0
BRDA:47,19,1,0
BRDA:52,20,0,0
BRDA:52,20,1,0
BRDA:59,21,0,1
BRDA:59,21,1,0
BRDA:59,22,0,1
BRDA:59,22,1,1
BRDA:67,23,0,1
BRDA:67,23,1,0
BRDA:67,24,0,1
BRDA:67,24,1,1
BRDA:69,25,0,0
BRDA:69,25,1,0
BRDA:74,26,0,0
BRDA:74,26,1,0
BRDA:81,27,0,1
BRDA:81,27,1,0
BRDA:81,28,0,1
BRDA:81,28,1,1
BRF:57
BRH:16
end_of_record
TN:
SF:C:\Users\bourgneufg\Desktop\collapsible\src\js\utils\events.js
FN:2,(anonymous_0)
FN:7,(anonymous_1)
FN:16,(anonymous_2)
FN:19,(anonymous_3)
FN:32,(anonymous_4)
FN:34,(anonymous_5)
FN:44,(anonymous_6)
FN:47,(anonymous_7)
FN:56,(anonymous_8)
FN:58,(anonymous_9)
FN:64,(anonymous_10)
FN:75,(anonymous_11)
FN:79,(anonymous_12)
FN:87,(anonymous_13)
FN:93,(anonymous_14)
FN:94,(anonymous_15)
FNF:16
FNH:1
FNDA:1,(anonymous_0)
FNDA:0,(anonymous_1)
FNDA:0,(anonymous_2)
FNDA:0,(anonymous_3)
FNDA:0,(anonymous_4)
FNDA:0,(anonymous_5)
FNDA:0,(anonymous_6)
FNDA:0,(anonymous_7)
FNDA:0,(anonymous_8)
FNDA:0,(anonymous_9)
FNDA:0,(anonymous_10)
FNDA:0,(anonymous_11)
FNDA:0,(anonymous_12)
FNDA:0,(anonymous_13)
FNDA:0,(anonymous_14)
FNDA:0,(anonymous_15)
DA:3,1
DA:4,1
DA:8,0
DA:9,0
DA:12,0
DA:13,0
DA:17,0
DA:18,0
DA:19,0
DA:21,0
DA:23,0
DA:24,0
DA:28,0
DA:33,0
DA:34,0
DA:36,0
DA:37,0
DA:40,0
DA:45,0
DA:46,0
DA:47,0
DA:49,0
DA:52,0
DA:57,0
DA:58,0
DA:60,0
DA:61,0
DA:63,0
DA:64,0
DA:66,0
DA:67,0
DA:70,0
DA:76,0
DA:80,0
DA:81,0
DA:82,0
DA:83,0
DA:84,0
DA:86,0
DA:87,0
DA:89,0
DA:90,0
DA:92,0
DA:93,0
DA:94,0
DA:95,0
DA:96,0
DA:98,0
DA:102,0
DA:103,0
DA:106,0
DA:111,0
DA:112,0
DA:113,0
DA:115,0
DA:120,0
DA:121,0
LF:57
LH:2
BRDA:2,0,0,1
BRDA:8,1,0,0
BRDA:8,1,1,0
BRDA:16,2,0,0
BRDA:16,3,0,0
BRDA:17,4,0,0
BRDA:17,4,1,0
BRDA:18,5,0,0
BRDA:18,5,1,0
BRDA:23,6,0,0
BRDA:23,6,1,0
BRDA:33,7,0,0
BRDA:33,7,1,0
BRDA:36,8,0,0
BRDA:36,8,1,0
BRDA:44,9,0,0
BRDA:45,10,0,0
BRDA:45,10,1,0
BRDA:46,11,0,0
BRDA:46,11,1,0
BRDA:56,12,0,0
BRDA:57,13,0,0
BRDA:57,13,1,0
BRDA:63,14,0,0
BRDA:63,14,1,0
BRDA:66,15,0,0
BRDA:66,15,1,0
BRDA:79,16,0,0
BRDA:86,17,0,0
BRDA:86,17,1,0
BRDA:89,18,0,0
BRDA:89,18,1,0
BRDA:92,19,0,0
BRDA:92,19,1,0
BRDA:94,20,0,0
BRDA:95,21,0,0
BRDA:95,21,1,0
BRDA:102,22,0,0
BRDA:102,22,1,0
BRDA:111,23,0,0
BRDA:111,23,1,0
BRDA:112,24,0,0
BRDA:112,24,1,0
BRF:43
BRH:1
end_of_record
TN:
SF:C:\Users\bourgneufg\Desktop\collapsible\src\js\utils\index.js
FN:1,(anonymous_0)
FN:1,(anonymous_1)
FN:3,(anonymous_2)
FN:11,(anonymous_3)
FN:16,(anonymous_4)
FNF:5
FNH:0
FNDA:0,(anonymous_0)
FNDA:0,(anonymous_1)
FNDA:0,(anonymous_2)
FNDA:0,(anonymous_3)
FNDA:0,(anonymous_4)
DA:1,1
DA:3,1
DA:4,0
DA:5,0
DA:7,0
DA:11,1
DA:12,0
DA:14,0
DA:15,0
DA:17,0
DA:18,0
DA:22,0
DA:23,0
DA:26,0
LF:14
LH:3
BRDA:1,0,0,0
BRDA:4,1,0,0
BRDA:4,1,1,0
BRDA:4,2,0,0
BRDA:4,2,1,0
BRF:5
BRH:0
end_of_record
TN:
SF:C:\Users\bourgneufg\Desktop\collapsible\src\js\utils\type.js
FN:1,(anonymous_0)
FN:2,(anonymous_1)
FN:3,(anonymous_2)
FN:4,(anonymous_3)
FN:5,(anonymous_4)
FN:14,(anonymous_5)
FNF:6
FNH:2
FNDA:1,(anonymous_0)
FNDA:2,(anonymous_1)
FNDA:0,(anonymous_2)
FNDA:0,(anonymous_3)
FNDA:0,(anonymous_4)
FNDA:0,(anonymous_5)
DA:1,1
DA:2,2
DA:3,1
DA:4,1
DA:5,1
DA:6,0
DA:7,0
DA:8,0
DA:10,0
DA:13,1
DA:14,1
DA:15,0
LF:12
LH:7
BRDA:2,0,0,2
BRDA:2,0,1,1
BRDA:2,0,2,0
BRDA:2,0,3,0
BRDA:3,1,0,0
BRDA:3,1,1,0
BRDA:3,1,2,0
BRDA:4,2,0,0
BRDA:4,2,1,0
BRDA:4,2,2,0
BRDA:4,2,3,0
BRDA:15,3,0,0
BRDA:15,3,1,0
BRF:13
BRH:2
end_of_record
